<?xml version="1.0" encoding="UTF-8"?>
<!-- Generated by org.testng.reporters.JUnitReportReporter -->
<testsuite hostname="LAPTOP-BGR8ADVH" failures="0" tests="1" name="Testing.Selenium_Automation.HomePageTest" time="1.328" errors="0" timestamp="2021-10-31T01:02:51 IST" skipped="0">
  <testcase classname="Testing.Selenium_Automation.HomePageTest" name="basePage" time="1.328"/>
  <system-out/>
</testsuite> <!-- Testing.Selenium_Automation.HomePageTest -->
